2025-09-12 14:10:22 - libs.auxiliary - INFO: create folder eye_hand_data/data20250912
2025-09-12 14:10:22 - libs.auxiliary - INFO: command:['ping', '-c', '1', '192.168.1.18']
2025-09-12 14:17:11 - libs.auxiliary - INFO: create folder eye_hand_data/data2025091201
2025-09-12 14:17:11 - libs.auxiliary - INFO: command:['ping', '-c', '1', '192.168.1.18']
2025-09-12 14:17:21 - libs.auxiliary - INFO: command:['ping', '-c', '1', '192.168.10.18']
2025-09-12 14:17:31 - __main__ - INFO: robot_ip:False
2025-09-12 14:23:21 - libs.auxiliary - INFO: create folder eye_hand_data/data2025091202
2025-09-12 14:23:21 - libs.auxiliary - INFO: command:['ping', '-c', '1', '192.168.1.18']
2025-09-12 14:23:24 - libs.auxiliary - INFO: command:['ping', '-c', '1', '192.168.10.18']
2025-09-12 14:23:24 - __main__ - INFO: robot_ip:False
2025-09-12 14:25:46 - libs.auxiliary - INFO: create folder eye_hand_data/data20250912
2025-09-12 14:25:46 - libs.auxiliary - INFO: command:['ping', '-c', '1', '192.168.1.19']
2025-09-12 14:25:46 - __main__ - INFO: robot_ip:192.168.1.19
2025-09-12 14:25:46 - __main__ - INFO: response:{"change_work_frame":true,"command":"set_change_work_frame"}

2025-09-12 14:26:01 - __main__ - ERROR: 相机连接异常：No device connected
2025-09-12 14:28:29 - libs.auxiliary - INFO: create folder eye_hand_data/data2025091201
2025-09-12 14:28:29 - libs.auxiliary - INFO: command:['ping', '-c', '1', '192.168.1.19']
2025-09-12 14:28:39 - libs.auxiliary - INFO: command:['ping', '-c', '1', '192.168.10.18']
2025-09-12 14:28:54 - libs.auxiliary - INFO: create folder eye_hand_data/data2025091202
2025-09-12 14:28:54 - libs.auxiliary - INFO: command:['ping', '-c', '1', '192.168.1.19']
2025-09-12 14:28:54 - __main__ - INFO: robot_ip:192.168.1.19
2025-09-12 14:28:54 - __main__ - INFO: response:{"change_work_frame":true,"command":"set_change_work_frame"}

2025-09-12 14:28:54 - __main__ - INFO: 开始手眼标定程序，当前程序版号V1.0.0
2025-09-12 14:29:36 - libs.auxiliary - INFO: create folder eye_hand_data/data20250912
2025-09-12 14:29:36 - libs.auxiliary - INFO: command:['ping', '-c', '1', '192.168.1.19']
2025-09-12 14:29:36 - __main__ - INFO: robot_ip:192.168.1.19
2025-09-12 14:29:37 - __main__ - INFO: response:{"change_work_frame":true,"command":"set_change_work_frame"}

2025-09-12 14:29:37 - __main__ - INFO: 开始手眼标定程序，当前程序版号V1.0.0
2025-09-12 14:29:41 - __main__ - INFO: response:{"arm_state":{"err":[0],"joint":[141832,-71905,-5289,78568,112230,-98670],"pose":[-210019,351108,381872,-943,-1408,-1711]},"state":"current_arm_state"}

2025-09-12 14:29:41 - __main__ - INFO: 获取状态：成功，当前位姿为[-0.210019, 0.351108, 0.381872, -0.943, -1.408, -1.711]
2025-09-12 14:29:41 - __main__ - INFO: ===采集第1次数据！
2025-09-12 14:29:49 - __main__ - INFO: response:{"command":"start_drag_teach","drag_teach":true}
{"command":"stop_drag_teach","drag_teach":true}
{"arm_state":{"err":[0],"joint":[141830,-69676,-4486,76010,117685,-95685],"pose":[-197919,331755,399480,-1270,-1300,-1487]},"state":"current_arm_state"}

2025-09-12 14:29:49 - __main__ - INFO: 获取状态：成功，当前位姿为[-0.197919, 0.331755, 0.39948, -1.27, -1.3, -1.487]
2025-09-12 14:29:49 - __main__ - INFO: ===采集第2次数据！
2025-09-12 14:29:54 - __main__ - INFO: response:{"command":"start_drag_teach","drag_teach":true}
{"command":"stop_drag_teach","drag_teach":true}
{"arm_state":{"err":[0],"joint":[135123,-90054,-6499,70112,116299,-99648],"pose":[-187059,378025,273275,301,-1191,-3125]},"state":"current_arm_state"}

2025-09-12 14:29:54 - __main__ - INFO: 获取状态：成功，当前位姿为[-0.187059, 0.378025, 0.273275, 0.301, -1.191, -3.125]
2025-09-12 14:29:54 - __main__ - INFO: ===采集第3次数据！
2025-09-12 14:29:58 - __main__ - INFO: response:{"command":"start_drag_teach","drag_teach":true}
{"arm_state":{"err":[0],"joint":[130532,-72730,-4542,80620,106309,-85597],"pose":[-143670,402904,377380,-1301,-1222,-1431]},"state":"current_arm_state"}

2025-09-12 14:29:58 - __main__ - INFO: 获取状态：成功，当前位姿为[-0.14367, 0.402904, 0.37738, -1.301, -1.222, -1.431]
2025-09-12 14:29:58 - __main__ - INFO: ===采集第4次数据！
2025-09-12 14:30:01 - __main__ - INFO: response:{"arm_state":{"err":[0],"joint":[154187,-74753,-4629,64812,116655,-139064],"pose":[-277233,278913,393449,987,-1013,2638]},"state":"current_arm_state"}

2025-09-12 14:30:01 - __main__ - INFO: 获取状态：成功，当前位姿为[-0.277233, 0.278913, 0.393449, 0.987, -1.013, 2.638]
2025-09-12 14:30:01 - __main__ - INFO: ===采集第5次数据！
2025-09-12 14:30:07 - __main__ - INFO: response:{"command":"stop_drag_teach","drag_teach":true}
{"command":"start_drag_teach","drag_teach":true}

2025-09-12 14:30:07 - __main__ - INFO: 获取状态：失败，None
2025-09-12 14:30:27 - libs.auxiliary - INFO: create folder eye_hand_data/data20250912
2025-09-12 14:30:27 - libs.auxiliary - INFO: command:['ping', '-c', '1', '192.168.1.19']
2025-09-12 14:30:27 - __main__ - INFO: robot_ip:192.168.1.19
2025-09-12 14:30:27 - __main__ - INFO: response:{"change_work_frame":true,"command":"set_change_work_frame"}

2025-09-12 14:30:27 - __main__ - INFO: 开始手眼标定程序，当前程序版号V1.0.0
2025-09-12 14:30:29 - __main__ - INFO: response:{"arm_state":{"err":[0],"joint":[130223,-72103,336,82540,103850,-103686],"pose":[-139856,405671,392100,-1153,-1460,-1554]},"state":"current_arm_state"}

2025-09-12 14:30:29 - __main__ - INFO: 获取状态：成功，当前位姿为[-0.139856, 0.405671, 0.3921, -1.153, -1.46, -1.554]
2025-09-12 14:30:29 - __main__ - INFO: ===采集第1次数据！
2025-09-12 14:30:34 - __main__ - INFO: response:{"command":"start_drag_teach","drag_teach":true}
{"command":"stop_drag_teach","drag_teach":true}
{"arm_state":{"err":[0],"joint":[153360,-74623,336,73938,125965,-103694],"pose":[-254913,268136,374365,-1201,-1413,-1507]},"state":"current_arm_state"}

2025-09-12 14:30:34 - __main__ - INFO: 获取状态：成功，当前位姿为[-0.254913, 0.268136, 0.374365, -1.201, -1.413, -1.507]
2025-09-12 14:30:34 - __main__ - INFO: ===采集第2次数据！
2025-09-12 14:30:37 - __main__ - INFO: response:{"command":"start_drag_teach","drag_teach":true}
{"command":"stop_drag_teach","drag_teach":true}
{"arm_state":{"err":[0],"joint":[140300,-57053,9224,83368,113902,-103672],"pose":[-145500,311054,489475,-1972,-1052,-727]},"state":"current_arm_state"}

2025-09-12 14:30:37 - __main__ - INFO: 获取状态：成功，当前位姿为[-0.1455, 0.311054, 0.489475, -1.972, -1.052, -0.727]
2025-09-12 14:30:37 - __main__ - INFO: ===采集第3次数据！
2025-09-12 14:30:41 - __main__ - INFO: response:{"command":"start_drag_teach","drag_teach":true}
{"command":"stop_drag_teach","drag_teach":true}
{"arm_state":{"err":[0],"joint":[133200,-91207,-4356,64297,113040,-99798],"pose":[-182136,389204,284897,168,-1113,-2975]},"state":"current_arm_state"}

2025-09-12 14:30:41 - __main__ - INFO: 获取状态：成功，当前位姿为[-0.182136, 0.389204, 0.284897, 0.168, -1.113, -2.975]
2025-09-12 14:30:41 - __main__ - INFO: ===采集第4次数据！
2025-09-12 14:30:44 - __main__ - INFO: response:{"command":"start_drag_teach","drag_teach":true}
{"arm_state":{"err":[0],"joint":[152528,-81345,3588,65055,126129,-103425],"pose":[-259430,267942,357059,-759,-1280,-1994]},"state":"current_arm_state"}

2025-09-12 14:30:44 - __main__ - INFO: 获取状态：成功，当前位姿为[-0.25943, 0.267942, 0.357059, -0.759, -1.28, -1.994]
2025-09-12 14:30:44 - __main__ - INFO: ===采集第5次数据！
2025-09-12 14:30:49 - __main__ - INFO: response:{"command":"stop_drag_teach","drag_teach":true}
{"command":"start_drag_teach","drag_teach":true}
{"command":"stop_drag_teach","drag_teach":true}
{"command":"start_drag_teach","drag_teach":true}
{"command":"stop_drag_teach","drag_teach":true}
{"arm_state":{"err":[0],"joint":[129461,-76929,4261,72794,101067,-103373],"pose":[-141586,409771,396412,-521,-1314,-2197]},"state":"current_arm_state"}

2025-09-12 14:30:49 - __main__ - INFO: 获取状态：成功，当前位姿为[-0.141586, 0.409771, 0.396412, -0.521, -1.314, -2.197]
2025-09-12 14:30:49 - __main__ - INFO: ===采集第6次数据！
2025-09-12 14:30:53 - __main__ - INFO: response:{"command":"start_drag_teach","drag_teach":true}
{"command":"stop_drag_teach","drag_teach":true}
{"arm_state":{"err":[0],"joint":[132569,-73315,10788,77802,112771,-58141],"pose":[-137687,364653,409953,-1577,-493,-1272]},"state":"current_arm_state"}

2025-09-12 14:30:53 - __main__ - INFO: 获取状态：成功，当前位姿为[-0.137687, 0.364653, 0.409953, -1.577, -0.493, -1.272]
2025-09-12 14:30:53 - __main__ - INFO: ===采集第7次数据！
2025-09-12 14:31:59 - libs.auxiliary - INFO: create folder eye_hand_data/data2025091201
2025-09-12 14:31:59 - libs.auxiliary - INFO: command:['ping', '-c', '1', '192.168.1.19']
2025-09-12 14:31:59 - __main__ - INFO: robot_ip:192.168.1.19
2025-09-12 14:31:59 - __main__ - INFO: response:{"change_work_frame":true,"command":"set_change_work_frame"}

2025-09-12 14:31:59 - __main__ - INFO: 开始手眼标定程序，当前程序版号V1.0.0
2025-09-12 14:32:18 - libs.auxiliary - INFO: create folder eye_hand_data/data2025091202
2025-09-12 14:32:18 - libs.auxiliary - INFO: command:['ping', '-c', '1', '192.168.1.19']
2025-09-12 14:32:18 - __main__ - INFO: robot_ip:192.168.1.19
2025-09-12 14:32:18 - __main__ - INFO: response:{"change_work_frame":true,"command":"set_change_work_frame"}

2025-09-12 14:32:19 - __main__ - INFO: 开始手眼标定程序，当前程序版号V1.0.0
2025-09-12 14:32:20 - __main__ - INFO: response:{"arm_state":{"err":[0],"joint":[142193,-76007,3312,73219,116600,-106804],"pose":[-205847,334374,383123,-763,-1413,-1992]},"state":"current_arm_state"}

2025-09-12 14:32:20 - __main__ - INFO: 获取状态：成功，当前位姿为[-0.205847, 0.334374, 0.383123, -0.763, -1.413, -1.992]
2025-09-12 14:32:20 - __main__ - INFO: ===采集第1次数据！
2025-09-12 14:32:27 - __main__ - INFO: response:{"command":"start_drag_teach","drag_teach":true}
{"command":"stop_drag_teach","drag_teach":true}
{"arm_state":{"err":[0],"joint":[156412,-77113,3330,69492,125897,-106833],"pose":[-269673,251206,373773,-926,-1388,-1750]},"state":"current_arm_state"}

2025-09-12 14:32:27 - __main__ - INFO: 获取状态：成功，当前位姿为[-0.269673, 0.251206, 0.373773, -0.926, -1.388, -1.75]
2025-09-12 14:32:27 - __main__ - INFO: ===采集第2次数据！
2025-09-12 14:32:29 - __main__ - INFO: response:{"command":"start_drag_teach","drag_teach":true}
{"command":"stop_drag_teach","drag_teach":true}
{"arm_state":{"err":[0],"joint":[147065,-56173,12708,79484,115839,-100288],"pose":[-165486,277158,502648,-1910,-913,-744]},"state":"current_arm_state"}

2025-09-12 14:32:29 - __main__ - INFO: 获取状态：成功，当前位姿为[-0.165486, 0.277158, 0.502648, -1.91, -0.913, -0.744]
2025-09-12 14:32:29 - __main__ - INFO: ===采集第3次数据！
2025-09-12 14:32:32 - __main__ - INFO: response:{"command":"start_drag_teach","drag_teach":true}
{"command":"stop_drag_teach","drag_teach":true}
{"arm_state":{"err":[0],"joint":[134148,-92500,2053,65701,114044,-103318],"pose":[-182714,380857,288778,140,-1178,-2975]},"state":"current_arm_state"}

2025-09-12 14:32:32 - __main__ - INFO: 获取状态：成功，当前位姿为[-0.182714, 0.380857, 0.288778, 0.14, -1.178, -2.975]
2025-09-12 14:32:32 - __main__ - INFO: ===采集第4次数据！
2025-09-12 14:32:37 - __main__ - INFO: response:{"command":"start_drag_teach","drag_teach":true}
{"command":"stop_drag_teach","drag_teach":true}
{"arm_state":{"err":[0],"joint":[145441,-67568,19713,70037,117079,-77478],"pose":[-174693,284137,466185,-1665,-553,-1127]},"state":"current_arm_state"}

2025-09-12 14:32:37 - __main__ - INFO: 获取状态：成功，当前位姿为[-0.174693, 0.284137, 0.466185, -1.665, -0.553, -1.127]
2025-09-12 14:32:37 - __main__ - INFO: ===采集第5次数据！
2025-09-12 14:32:40 - __main__ - INFO: response:{"command":"start_drag_teach","drag_teach":true}
{"command":"stop_drag_teach","drag_teach":true}
{"arm_state":{"err":[0],"joint":[133162,-93935,-4018,67506,114454,-103855],"pose":[-178194,388197,258701,439,-1110,3005]},"state":"current_arm_state"}

2025-09-12 14:32:40 - __main__ - INFO: 获取状态：成功，当前位姿为[-0.178194, 0.388197, 0.258701, 0.439, -1.11, 3.005]
2025-09-12 14:32:40 - __main__ - INFO: ===采集第6次数据！
2025-09-12 14:32:48 - __main__ - INFO: response:{"command":"start_drag_teach","drag_teach":true}
{"command":"stop_drag_teach","drag_teach":true}
{"arm_state":{"err":[0],"joint":[140571,-76769,40119,73837,105456,-138849],"pose":[-147929,314832,458920,-2038,-1451,-607]},"state":"current_arm_state"}

2025-09-12 14:32:48 - __main__ - INFO: 获取状态：成功，当前位姿为[-0.147929, 0.314832, 0.45892, -2.038, -1.451, -0.607]
2025-09-12 14:32:48 - __main__ - INFO: ===采集第7次数据！
2025-09-12 14:32:59 - __main__ - INFO: response:{"command":"start_drag_teach","drag_teach":true}
{"command":"stop_drag_teach","drag_teach":true}
{"command":"start_drag_teach","drag_teach":true}
{"command":"stop_drag_teach","drag_teach":true}
{"arm_state":{"err":[0],"joint":[140357,-52799,-59959,88754,113311,-58270],"pose":[-167369,330876,341688,-835,-1312,-1781]},"state":"current_arm_state"}

2025-09-12 14:32:59 - __main__ - INFO: 获取状态：成功，当前位姿为[-0.167369, 0.330876, 0.341688, -0.835, -1.312, -1.781]
2025-09-12 14:32:59 - __main__ - INFO: ===采集第8次数据！
2025-09-12 14:33:10 - __main__ - INFO: response:{"command":"start_drag_teach","drag_teach":true}
{"command":"stop_drag_teach","drag_teach":true}
{"arm_state":{"err":[0],"joint":[165447,-28299,-75723,97914,125147,-71894],"pose":[-190468,184325,419897,-888,-1522,-1562]},"state":"current_arm_state"}

2025-09-12 14:33:10 - __main__ - INFO: 获取状态：成功，当前位姿为[-0.190468, 0.184325, 0.419897, -0.888, -1.522, -1.562]
2025-09-12 14:33:10 - __main__ - INFO: ===采集第9次数据！
2025-09-12 14:33:14 - __main__ - INFO: response:{"command":"start_drag_teach","drag_teach":true}
{"command":"stop_drag_teach","drag_teach":true}
{"arm_state":{"err":[0],"joint":[145053,-33743,-53670,87661,114322,-59179],"pose":[-149861,283780,465840,-1537,-974,-1063]},"state":"current_arm_state"}

2025-09-12 14:33:14 - __main__ - INFO: 获取状态：成功，当前位姿为[-0.149861, 0.28378, 0.46584, -1.537, -0.974, -1.063]
2025-09-12 14:33:14 - __main__ - INFO: ===采集第10次数据！
2025-09-12 14:33:19 - __main__ - INFO: response:{"command":"start_drag_teach","drag_teach":true}
{"command":"stop_drag_teach","drag_teach":true}
{"arm_state":{"err":[0],"joint":[137877,-48162,-63779,85531,107767,-99831],"pose":[-152763,344484,362260,1211,-1023,2454]},"state":"current_arm_state"}

2025-09-12 14:33:19 - __main__ - INFO: 获取状态：成功，当前位姿为[-0.152763, 0.344484, 0.36226, 1.211, -1.023, 2.454]
2025-09-12 14:33:19 - __main__ - INFO: ===采集第11次数据！
2025-09-12 14:33:58 - libs.auxiliary - INFO: create folder eye_hand_data/data20250912
2025-09-12 14:33:58 - libs.auxiliary - INFO: command:['ping', '-c', '1', '192.168.1.19']
2025-09-12 14:33:58 - __main__ - INFO: robot_ip:192.168.1.19
2025-09-12 14:33:59 - __main__ - INFO: response:{"change_work_frame":true,"command":"set_change_work_frame"}

2025-09-12 14:33:59 - __main__ - INFO: 开始手眼标定程序，当前程序版号V1.0.0
2025-09-12 14:34:00 - __main__ - INFO: response:{"arm_state":{"err":[0],"joint":[140175,-77875,4880,73664,112309,-106060],"pose":[-200439,353485,377902,-647,-1397,-2070]},"state":"current_arm_state"}

2025-09-12 14:34:00 - __main__ - INFO: 获取状态：成功，当前位姿为[-0.200439, 0.353485, 0.377902, -0.647, -1.397, -2.07]
2025-09-12 14:34:00 - __main__ - INFO: ===采集第1次数据！
2025-09-12 14:34:05 - __main__ - INFO: response:{"command":"start_drag_teach","drag_teach":true}
{"command":"stop_drag_teach","drag_teach":true}
{"command":"start_drag_teach","drag_teach":true}
{"command":"stop_drag_teach","drag_teach":true}
{"arm_state":{"err":[0],"joint":[140184,-62657,21321,79385,110823,-90791],"pose":[-141298,310594,491063,-1776,-720,-935]},"state":"current_arm_state"}

2025-09-12 14:34:05 - __main__ - INFO: 获取状态：成功，当前位姿为[-0.141298, 0.310594, 0.491063, -1.776, -0.72, -0.935]
2025-09-12 14:34:05 - __main__ - INFO: ===采集第2次数据！
2025-09-12 14:34:09 - __main__ - INFO: response:{"command":"start_drag_teach","drag_teach":true}
{"command":"stop_drag_teach","drag_teach":true}

2025-09-12 14:34:09 - __main__ - INFO: 获取状态：失败，None
2025-09-12 14:34:17 - __main__ - INFO: response:{"arm_state":{"err":[0],"joint":[127716,-98616,2097,69149,111476,-105060],"pose":[-139420,409437,238054,532,-1126,2863]},"state":"current_arm_state"}
{"arm_state":{"err":[0],"joint":[127714,-98610,2080,69143,111453,-105062],"pose":[-139443,409510,238063,532,-1125,2863]},"state":"current_arm_state"}

2025-09-12 14:34:17 - __main__ - INFO: 获取状态：成功，当前位姿为[-0.139443, 0.40951, 0.238063, 0.532, -1.125, 2.863]
2025-09-12 14:34:17 - __main__ - INFO: ===采集第4次数据！
2025-09-12 14:34:57 - libs.auxiliary - INFO: create folder eye_hand_data/data2025091201
2025-09-12 14:34:57 - libs.auxiliary - INFO: command:['ping', '-c', '1', '192.168.1.19']
2025-09-12 14:34:57 - __main__ - INFO: robot_ip:192.168.1.19
2025-09-12 14:34:57 - __main__ - INFO: response:{"change_work_frame":true,"command":"set_change_work_frame"}

2025-09-12 14:34:57 - __main__ - INFO: 开始手眼标定程序，当前程序版号V1.0.0
2025-09-12 14:34:59 - __main__ - INFO: response:{"arm_state":{"err":[0],"joint":[135471,-84314,10297,75294,111589,-105070],"pose":[-175734,376238,343930,-633,-1414,-2144]},"state":"current_arm_state"}

2025-09-12 14:34:59 - __main__ - INFO: 获取状态：成功，当前位姿为[-0.175734, 0.376238, 0.34393, -0.633, -1.414, -2.144]
2025-09-12 14:34:59 - __main__ - INFO: ===采集第1次数据！
2025-09-12 14:35:06 - __main__ - INFO: response:{"command":"start_drag_teach","drag_teach":true}
{"command":"stop_drag_teach","drag_teach":true}
{"arm_state":{"err":[0],"joint":[135477,-67213,39427,87643,107988,-105070],"pose":[-110137,323174,484332,-1921,-734,-722]},"state":"current_arm_state"}

2025-09-12 14:35:06 - __main__ - INFO: 获取状态：成功，当前位姿为[-0.110137, 0.323174, 0.484332, -1.921, -0.734, -0.722]
2025-09-12 14:35:06 - __main__ - INFO: ===采集第2次数据！
2025-09-12 14:35:12 - __main__ - INFO: response:{"command":"start_drag_teach","drag_teach":true}
{"command":"stop_drag_teach","drag_teach":true}
{"arm_state":{"err":[0],"joint":[133828,-115114,26235,61880,106946,-105970],"pose":[-174290,377955,207696,205,-1098,-2947]},"state":"current_arm_state"}

2025-09-12 14:35:12 - __main__ - INFO: 获取状态：成功，当前位姿为[-0.17429, 0.377955, 0.207696, 0.205, -1.098, -2.947]
2025-09-12 14:35:12 - __main__ - INFO: ===采集第3次数据！
2025-09-12 14:35:16 - __main__ - INFO: response:{"command":"start_drag_teach","drag_teach":true}
{"command":"stop_drag_teach","drag_teach":true}
{"arm_state":{"err":[0],"joint":[151055,-94262,26728,65587,115316,-105967],"pose":[-253122,291620,331034,-956,-1249,-1674]},"state":"current_arm_state"}

2025-09-12 14:35:16 - __main__ - INFO: 获取状态：成功，当前位姿为[-0.253122, 0.29162, 0.331034, -0.956, -1.249, -1.674]
2025-09-12 14:35:16 - __main__ - INFO: ===采集第4次数据！
2025-09-12 14:35:27 - __main__ - INFO: response:{"command":"start_drag_teach","drag_teach":true}
{"command":"stop_drag_teach","drag_teach":true}
{"arm_state":{"err":[0],"joint":[139740,-101114,26666,63229,109491,-125980],"pose":[-204858,351270,298978,521,-1193,2978]},"state":"current_arm_state"}

2025-09-12 14:35:27 - __main__ - INFO: 获取状态：成功，当前位姿为[-0.204858, 0.35127, 0.298978, 0.521, -1.193, 2.978]
2025-09-12 14:35:27 - __main__ - INFO: ===采集第5次数据！
2025-09-12 14:35:33 - __main__ - INFO: response:{"command":"start_drag_teach","drag_teach":true}
{"command":"stop_drag_teach","drag_teach":true}
{"arm_state":{"err":[0],"joint":[135149,-85562,29713,79995,107010,-71981],"pose":[-158767,372064,373882,-1604,-638,-1105]},"state":"current_arm_state"}

2025-09-12 14:35:33 - __main__ - INFO: 获取状态：成功，当前位姿为[-0.158767, 0.372064, 0.373882, -1.604, -0.638, -1.105]
2025-09-12 14:35:33 - __main__ - INFO: ===采集第6次数据！
2025-09-12 14:35:37 - __main__ - INFO: response:{"command":"start_drag_teach","drag_teach":true}
{"command":"stop_drag_teach","drag_teach":true}
{"arm_state":{"err":[0],"joint":[143666,-93235,29137,76665,106570,-104445],"pose":[-223152,350742,329759,-1275,-1312,-1281]},"state":"current_arm_state"}

2025-09-12 14:35:37 - __main__ - INFO: 获取状态：成功，当前位姿为[-0.223152, 0.350742, 0.329759, -1.275, -1.312, -1.281]
2025-09-12 14:35:37 - __main__ - INFO: ===采集第7次数据！
2025-09-12 14:35:46 - __main__ - INFO: response:{"command":"start_drag_teach","drag_teach":true}
{"command":"stop_drag_teach","drag_teach":true}
{"arm_state":{"err":[0],"joint":[130968,-81316,-38334,70872,113871,-107392],"pose":[-158909,395432,249510,888,-751,2560]},"state":"current_arm_state"}

2025-09-12 14:35:46 - __main__ - INFO: 获取状态：成功，当前位姿为[-0.158909, 0.395432, 0.24951, 0.888, -0.751, 2.56]
2025-09-12 14:35:46 - __main__ - INFO: ===采集第8次数据！
2025-09-12 14:35:54 - __main__ - INFO: response:{"command":"start_drag_teach","drag_teach":true}
{"command":"stop_drag_teach","drag_teach":true}
{"arm_state":{"err":[0],"joint":[132088,-78914,-38167,75230,117883,-77044],"pose":[-157562,380000,260777,227,-1132,-3009]},"state":"current_arm_state"}

2025-09-12 14:35:54 - __main__ - INFO: 获取状态：成功，当前位姿为[-0.157562, 0.38, 0.260777, 0.227, -1.132, -3.009]
2025-09-12 14:35:54 - __main__ - INFO: ===采集第9次数据！
2025-09-12 14:36:17 - __main__ - INFO: response:{"command":"start_drag_teach","drag_teach":true}
{"command":"stop_drag_teach","drag_teach":true}
{"command":"start_drag_teach","drag_teach":true}
{"command":"stop_drag_teach","drag_teach":true}
{"command":"start_drag_teach","drag_teach":true}
{"command":"stop_drag_teach","drag_teach":true}
{"command":"start_drag_teach","drag_teach":true}
{"command":"stop_drag_teach","drag_teach":true}
{"command":"start_drag_teach","drag_teach":true}
{"command":"stop_drag_teach","drag_teach":true}
{"command":"start_drag_teach","drag_teach":true}
{"command":"stop_drag_teach","drag_teach":true}
{"command":"start_drag_teach","drag_teach":true}
{"command":"stop_drag_teach","drag_teach":true}
{"arm_state":{"err":[0],"joint":[141249,-103731,55063,63138,102785,-123734],"pose":[-171666,317601,348197,-885,-1274,-1823]},"state":"current_arm_state"}

2025-09-12 14:36:17 - __main__ - INFO: 获取状态：成功，当前位姿为[-0.171666, 0.317601, 0.348197, -0.885, -1.274, -1.823]
2025-09-12 14:36:17 - __main__ - INFO: ===采集第10次数据！
2025-09-12 14:36:23 - __main__ - INFO: response:{"command":"start_drag_teach","drag_teach":true}
{"command":"stop_drag_teach","drag_teach":true}
{"arm_state":{"err":[0],"joint":[141244,-90731,57296,70338,104746,-90818],"pose":[-146189,305603,407135,-1609,-559,-1080]},"state":"current_arm_state"}

2025-09-12 14:36:23 - __main__ - INFO: 获取状态：成功，当前位姿为[-0.146189, 0.305603, 0.407135, -1.609, -0.559, -1.08]
2025-09-12 14:36:23 - __main__ - INFO: ===采集第11次数据！
2025-09-12 14:36:28 - __main__ - INFO: response:{"command":"start_drag_teach","drag_teach":true}
{"command":"stop_drag_teach","drag_teach":true}
{"arm_state":{"err":[0],"joint":[141578,-114798,48931,58731,106570,-117870],"pose":[-191587,320535,273375,-291,-1210,-2446]},"state":"current_arm_state"}

2025-09-12 14:36:28 - __main__ - INFO: 获取状态：成功，当前位姿为[-0.191587, 0.320535, 0.273375, -0.291, -1.21, -2.446]
2025-09-12 14:36:28 - __main__ - INFO: ===采集第12次数据！
2025-09-12 14:36:34 - __main__ - INFO: response:{"command":"start_drag_teach","drag_teach":true}
{"command":"stop_drag_teach","drag_teach":true}
{"arm_state":{"err":[0],"joint":[160624,-99081,48984,60632,115282,-117855],"pose":[-255225,224412,345478,-1379,-1214,-1177]},"state":"current_arm_state"}

2025-09-12 14:36:34 - __main__ - INFO: 获取状态：成功，当前位姿为[-0.255225, 0.224412, 0.345478, -1.379, -1.214, -1.177]
2025-09-12 14:36:34 - __main__ - INFO: ===采集第13次数据！
2025-09-12 14:36:46 - __main__ - INFO: response:{"command":"start_drag_teach","drag_teach":true}
{"command":"stop_drag_teach","drag_teach":true}
{"arm_state":{"err":[0],"joint":[160570,-82062,49249,57837,115512,-75958],"pose":[-208598,204172,435958,-1675,-232,-1009]},"state":"current_arm_state"}

2025-09-12 14:36:46 - __main__ - INFO: 获取状态：成功，当前位姿为[-0.208598, 0.204172, 0.435958, -1.675, -0.232, -1.009]
2025-09-12 14:36:46 - __main__ - INFO: ===采集第14次数据！
2025-09-12 14:36:55 - __main__ - INFO: response:{"command":"start_drag_teach","drag_teach":true}
{"command":"stop_drag_teach","drag_teach":true}
{"arm_state":{"err":[0],"joint":[154956,-115322,46621,59114,109267,-157467],"pose":[-261023,266102,260744,1025,-877,2602]},"state":"current_arm_state"}

2025-09-12 14:36:55 - __main__ - INFO: 获取状态：成功，当前位姿为[-0.261023, 0.266102, 0.260744, 1.025, -0.877, 2.602]
2025-09-12 14:36:55 - __main__ - INFO: ===采集第15次数据！
2025-09-12 14:37:11 - __main__ - INFO: response:{"command":"start_drag_teach","drag_teach":true}
{"command":"stop_drag_teach","drag_teach":true}
{"command":"start_drag_teach","drag_teach":true}
{"command":"stop_drag_teach","drag_teach":true}
{"command":"start_drag_teach","drag_teach":true}
{"command":"stop_drag_teach","drag_teach":true}
{"arm_state":{"err":[0],"joint":[167371,-46024,-61134,104410,125575,-62569],"pose":[-250972,186367,352789,-1806,-1477,-648]},"state":"current_arm_state"}

2025-09-12 14:37:11 - __main__ - INFO: 获取状态：成功，当前位姿为[-0.250972, 0.186367, 0.352789, -1.806, -1.477, -0.648]
2025-09-12 14:37:11 - __main__ - INFO: ===采集第16次数据！
2025-09-12 14:37:15 - __main__ - INFO: response:{"command":"start_drag_teach","drag_teach":true}
{"command":"stop_drag_teach","drag_teach":true}
{"arm_state":{"err":[0],"joint":[143804,-46025,-61140,96406,116470,-62583],"pose":[-166675,299664,362091,-1349,-1405,-1323]},"state":"current_arm_state"}

2025-09-12 14:37:15 - __main__ - INFO: 获取状态：成功，当前位姿为[-0.166675, 0.299664, 0.362091, -1.349, -1.405, -1.323]
2025-09-12 14:37:15 - __main__ - INFO: ===采集第17次数据！
2025-09-12 14:39:23 - __main__ - INFO: 读 eye_hand_data/data2025091201/1.jpg
2025-09-12 14:39:23 - __main__ - INFO: 读 eye_hand_data/data2025091201/2.jpg
2025-09-12 14:39:23 - __main__ - INFO: 读 eye_hand_data/data2025091201/3.jpg
2025-09-12 14:39:23 - __main__ - INFO: 读 eye_hand_data/data2025091201/4.jpg
2025-09-12 14:39:23 - __main__ - INFO: 读 eye_hand_data/data2025091201/5.jpg
2025-09-12 14:39:23 - __main__ - INFO: 读 eye_hand_data/data2025091201/6.jpg
2025-09-12 14:39:23 - __main__ - INFO: 读 eye_hand_data/data2025091201/7.jpg
2025-09-12 14:39:23 - __main__ - INFO: 读 eye_hand_data/data2025091201/8.jpg
2025-09-12 14:39:23 - __main__ - INFO: 读 eye_hand_data/data2025091201/9.jpg
2025-09-12 14:39:23 - __main__ - INFO: 读 eye_hand_data/data2025091201/10.jpg
2025-09-12 14:39:23 - __main__ - INFO: 读 eye_hand_data/data2025091201/11.jpg
2025-09-12 14:39:23 - __main__ - INFO: 读 eye_hand_data/data2025091201/12.jpg
2025-09-12 14:39:23 - __main__ - INFO: 读 eye_hand_data/data2025091201/13.jpg
2025-09-12 14:39:23 - __main__ - INFO: 读 eye_hand_data/data2025091201/14.jpg
2025-09-12 14:39:23 - __main__ - INFO: 读 eye_hand_data/data2025091201/15.jpg
2025-09-12 14:39:23 - __main__ - INFO: 读 eye_hand_data/data2025091201/16.jpg
2025-09-12 14:39:23 - __main__ - INFO: 读 eye_hand_data/data2025091201/17.jpg
2025-09-12 14:39:24 - __main__ - INFO: 旋转矩阵是:
 [[ 0.99626541 -0.00189474 -0.08632295]
 [ 0.00235725  0.99998341  0.00525635]
 [ 0.08631156 -0.0054402   0.99625334]]
2025-09-12 14:39:24 - __main__ - INFO: 平移向量是:
 [[-0.18137702]
 [-0.97354842]
 [-1.51946556]]
2025-09-12 14:39:24 - __main__ - INFO: 四元数是：
 [-0.00267665 -0.04319913  0.001064    0.99906233]
